2023-06-18T10:53:33+00:00 CRITICAL Uncaught TypeError: call_user_func_array(): Argument #1 ($callback) must be a valid callback, function "child_enqueue_styles" not found or invalid function name in C:\xampp\htdocs\buk\wp-includes\class-wp-hook.php:308
Stack trace:
#0 C:\xampp\htdocs\buk\wp-includes\class-wp-hook.php(332): WP_Hook->apply_filters(NULL, Array)
#1 C:\xampp\htdocs\buk\wp-includes\plugin.php(517): WP_Hook->do_action(Array)
#2 C:\xampp\htdocs\buk\wp-includes\script-loader.php(2194): do_action('wp_enqueue_scri...')
#3 C:\xampp\htdocs\buk\wp-includes\class-wp-hook.php(308): wp_enqueue_scripts('')
#4 C:\xampp\htdocs\buk\wp-includes\class-wp-hook.php(332): WP_Hook->apply_filters(NULL, Array)
#5 C:\xampp\htdocs\buk\wp-includes\plugin.php(517): WP_Hook->do_action(Array)
#6 C:\xampp\htdocs\buk\wp-includes\general-template.php(3049): do_action('wp_head')
#7 C:\xampp\htdocs\buk\wp-content\themes\astra\header.php(31): wp_head()
#8 C:\xampp\htdocs\buk\wp-includes\template.php(783): require_once('C:\\xampp\\htdocs...')
#9 C:\xampp\htdocs\buk\wp-includes\template.php(718): load_template('C:\\xampp\\htdocs...', true, Array)
#10 C:\xampp\htdocs\buk\wp-includes\general-template.php(48): locate_template(Array, true, true, Array)
#11 C:\xampp\htdocs\buk\wp-content\themes\astra\page.php(20): get_header()
#12 C:\xampp\htdocs\buk\wp-includes\template-loader.php(106): include('C:\\xampp\\htdocs...')
#13 C:\xampp\htdocs\buk\wp-blog-header.php(19): require_once('C:\\xampp\\htdocs...')
#14 C:\xampp\htdocs\buk\index.php(17): require('C:\\xampp\\htdocs...')
#15 {main}
  thrown in C:\xampp\htdocs\buk\wp-includes\class-wp-hook.php on line 308

2023-06-18T10:54:35+00:00 CRITICAL Uncaught TypeError: call_user_func_array(): Argument #1 ($callback) must be a valid callback, function "child_enqueue_styles" not found or invalid function name in C:\xampp\htdocs\buk\wp-includes\class-wp-hook.php:308
Stack trace:
#0 C:\xampp\htdocs\buk\wp-includes\class-wp-hook.php(332): WP_Hook->apply_filters(NULL, Array)
#1 C:\xampp\htdocs\buk\wp-includes\plugin.php(517): WP_Hook->do_action(Array)
#2 C:\xampp\htdocs\buk\wp-includes\script-loader.php(2194): do_action('wp_enqueue_scri...')
#3 C:\xampp\htdocs\buk\wp-includes\class-wp-hook.php(308): wp_enqueue_scripts('')
#4 C:\xampp\htdocs\buk\wp-includes\class-wp-hook.php(332): WP_Hook->apply_filters(NULL, Array)
#5 C:\xampp\htdocs\buk\wp-includes\plugin.php(517): WP_Hook->do_action(Array)
#6 C:\xampp\htdocs\buk\wp-includes\general-template.php(3049): do_action('wp_head')
#7 C:\xampp\htdocs\buk\wp-content\themes\astra\header.php(31): wp_head()
#8 C:\xampp\htdocs\buk\wp-includes\template.php(783): require_once('C:\\xampp\\htdocs...')
#9 C:\xampp\htdocs\buk\wp-includes\template.php(718): load_template('C:\\xampp\\htdocs...', true, Array)
#10 C:\xampp\htdocs\buk\wp-includes\general-template.php(48): locate_template(Array, true, true, Array)
#11 C:\xampp\htdocs\buk\wp-content\themes\astra\page.php(20): get_header()
#12 C:\xampp\htdocs\buk\wp-includes\template-loader.php(106): include('C:\\xampp\\htdocs...')
#13 C:\xampp\htdocs\buk\wp-blog-header.php(19): require_once('C:\\xampp\\htdocs...')
#14 C:\xampp\htdocs\buk\index.php(17): require('C:\\xampp\\htdocs...')
#15 {main}
  thrown in C:\xampp\htdocs\buk\wp-includes\class-wp-hook.php on line 308

2023-06-18T10:54:59+00:00 CRITICAL Uncaught TypeError: call_user_func_array(): Argument #1 ($callback) must be a valid callback, function "child_enqueue_styles" not found or invalid function name in C:\xampp\htdocs\buk\wp-includes\class-wp-hook.php:308
Stack trace:
#0 C:\xampp\htdocs\buk\wp-includes\class-wp-hook.php(332): WP_Hook->apply_filters(NULL, Array)
#1 C:\xampp\htdocs\buk\wp-includes\plugin.php(517): WP_Hook->do_action(Array)
#2 C:\xampp\htdocs\buk\wp-includes\script-loader.php(2194): do_action('wp_enqueue_scri...')
#3 C:\xampp\htdocs\buk\wp-includes\class-wp-hook.php(308): wp_enqueue_scripts('')
#4 C:\xampp\htdocs\buk\wp-includes\class-wp-hook.php(332): WP_Hook->apply_filters(NULL, Array)
#5 C:\xampp\htdocs\buk\wp-includes\plugin.php(517): WP_Hook->do_action(Array)
#6 C:\xampp\htdocs\buk\wp-includes\general-template.php(3049): do_action('wp_head')
#7 C:\xampp\htdocs\buk\wp-content\themes\astra\header.php(31): wp_head()
#8 C:\xampp\htdocs\buk\wp-includes\template.php(783): require_once('C:\\xampp\\htdocs...')
#9 C:\xampp\htdocs\buk\wp-includes\template.php(718): load_template('C:\\xampp\\htdocs...', true, Array)
#10 C:\xampp\htdocs\buk\wp-includes\general-template.php(48): locate_template(Array, true, true, Array)
#11 C:\xampp\htdocs\buk\wp-content\themes\astra\page.php(20): get_header()
#12 C:\xampp\htdocs\buk\wp-includes\template-loader.php(106): include('C:\\xampp\\htdocs...')
#13 C:\xampp\htdocs\buk\wp-blog-header.php(19): require_once('C:\\xampp\\htdocs...')
#14 C:\xampp\htdocs\buk\index.php(17): require('C:\\xampp\\htdocs...')
#15 {main}
  thrown in C:\xampp\htdocs\buk\wp-includes\class-wp-hook.php on line 308

2023-06-18T10:55:11+00:00 CRITICAL Uncaught TypeError: call_user_func_array(): Argument #1 ($callback) must be a valid callback, function "child_enqueue_styles" not found or invalid function name in C:\xampp\htdocs\buk\wp-includes\class-wp-hook.php:308
Stack trace:
#0 C:\xampp\htdocs\buk\wp-includes\class-wp-hook.php(332): WP_Hook->apply_filters(NULL, Array)
#1 C:\xampp\htdocs\buk\wp-includes\plugin.php(517): WP_Hook->do_action(Array)
#2 C:\xampp\htdocs\buk\wp-includes\script-loader.php(2194): do_action('wp_enqueue_scri...')
#3 C:\xampp\htdocs\buk\wp-includes\class-wp-hook.php(308): wp_enqueue_scripts('')
#4 C:\xampp\htdocs\buk\wp-includes\class-wp-hook.php(332): WP_Hook->apply_filters(NULL, Array)
#5 C:\xampp\htdocs\buk\wp-includes\plugin.php(517): WP_Hook->do_action(Array)
#6 C:\xampp\htdocs\buk\wp-includes\general-template.php(3049): do_action('wp_head')
#7 C:\xampp\htdocs\buk\wp-content\themes\astra\header.php(31): wp_head()
#8 C:\xampp\htdocs\buk\wp-includes\template.php(783): require_once('C:\\xampp\\htdocs...')
#9 C:\xampp\htdocs\buk\wp-includes\template.php(718): load_template('C:\\xampp\\htdocs...', true, Array)
#10 C:\xampp\htdocs\buk\wp-includes\general-template.php(48): locate_template(Array, true, true, Array)
#11 C:\xampp\htdocs\buk\wp-content\themes\astra\page.php(20): get_header()
#12 C:\xampp\htdocs\buk\wp-includes\template-loader.php(106): include('C:\\xampp\\htdocs...')
#13 C:\xampp\htdocs\buk\wp-blog-header.php(19): require_once('C:\\xampp\\htdocs...')
#14 C:\xampp\htdocs\buk\index.php(17): require('C:\\xampp\\htdocs...')
#15 {main}
  thrown in C:\xampp\htdocs\buk\wp-includes\class-wp-hook.php on line 308

2023-06-18T10:55:45+00:00 CRITICAL Uncaught TypeError: call_user_func_array(): Argument #1 ($callback) must be a valid callback, function "child_enqueue_styles" not found or invalid function name in C:\xampp\htdocs\buk\wp-includes\class-wp-hook.php:308
Stack trace:
#0 C:\xampp\htdocs\buk\wp-includes\class-wp-hook.php(332): WP_Hook->apply_filters(NULL, Array)
#1 C:\xampp\htdocs\buk\wp-includes\plugin.php(517): WP_Hook->do_action(Array)
#2 C:\xampp\htdocs\buk\wp-includes\script-loader.php(2194): do_action('wp_enqueue_scri...')
#3 C:\xampp\htdocs\buk\wp-includes\class-wp-hook.php(308): wp_enqueue_scripts('')
#4 C:\xampp\htdocs\buk\wp-includes\class-wp-hook.php(332): WP_Hook->apply_filters(NULL, Array)
#5 C:\xampp\htdocs\buk\wp-includes\plugin.php(517): WP_Hook->do_action(Array)
#6 C:\xampp\htdocs\buk\wp-includes\general-template.php(3049): do_action('wp_head')
#7 C:\xampp\htdocs\buk\wp-content\themes\astra\header.php(31): wp_head()
#8 C:\xampp\htdocs\buk\wp-includes\template.php(783): require_once('C:\\xampp\\htdocs...')
#9 C:\xampp\htdocs\buk\wp-includes\template.php(718): load_template('C:\\xampp\\htdocs...', true, Array)
#10 C:\xampp\htdocs\buk\wp-includes\general-template.php(48): locate_template(Array, true, true, Array)
#11 C:\xampp\htdocs\buk\wp-content\themes\astra\page.php(20): get_header()
#12 C:\xampp\htdocs\buk\wp-includes\template-loader.php(106): include('C:\\xampp\\htdocs...')
#13 C:\xampp\htdocs\buk\wp-blog-header.php(19): require_once('C:\\xampp\\htdocs...')
#14 C:\xampp\htdocs\buk\index.php(17): require('C:\\xampp\\htdocs...')
#15 {main}
  thrown in C:\xampp\htdocs\buk\wp-includes\class-wp-hook.php on line 308

2023-06-18T10:57:37+00:00 CRITICAL Uncaught TypeError: call_user_func_array(): Argument #1 ($callback) must be a valid callback, function "child_enqueue_styles" not found or invalid function name in C:\xampp\htdocs\buk\wp-includes\class-wp-hook.php:308
Stack trace:
#0 C:\xampp\htdocs\buk\wp-includes\class-wp-hook.php(332): WP_Hook->apply_filters(NULL, Array)
#1 C:\xampp\htdocs\buk\wp-includes\plugin.php(517): WP_Hook->do_action(Array)
#2 C:\xampp\htdocs\buk\wp-includes\script-loader.php(2194): do_action('wp_enqueue_scri...')
#3 C:\xampp\htdocs\buk\wp-includes\class-wp-hook.php(308): wp_enqueue_scripts('')
#4 C:\xampp\htdocs\buk\wp-includes\class-wp-hook.php(332): WP_Hook->apply_filters(NULL, Array)
#5 C:\xampp\htdocs\buk\wp-includes\plugin.php(517): WP_Hook->do_action(Array)
#6 C:\xampp\htdocs\buk\wp-includes\general-template.php(3049): do_action('wp_head')
#7 C:\xampp\htdocs\buk\wp-content\themes\astra\header.php(31): wp_head()
#8 C:\xampp\htdocs\buk\wp-includes\template.php(783): require_once('C:\\xampp\\htdocs...')
#9 C:\xampp\htdocs\buk\wp-includes\template.php(718): load_template('C:\\xampp\\htdocs...', true, Array)
#10 C:\xampp\htdocs\buk\wp-includes\general-template.php(48): locate_template(Array, true, true, Array)
#11 C:\xampp\htdocs\buk\wp-content\themes\astra\page.php(20): get_header()
#12 C:\xampp\htdocs\buk\wp-includes\template-loader.php(106): include('C:\\xampp\\htdocs...')
#13 C:\xampp\htdocs\buk\wp-blog-header.php(19): require_once('C:\\xampp\\htdocs...')
#14 C:\xampp\htdocs\buk\index.php(17): require('C:\\xampp\\htdocs...')
#15 {main}
  thrown in C:\xampp\htdocs\buk\wp-includes\class-wp-hook.php on line 308

2023-06-18T10:57:48+00:00 CRITICAL Uncaught TypeError: call_user_func_array(): Argument #1 ($callback) must be a valid callback, function "child_enqueue_styles" not found or invalid function name in C:\xampp\htdocs\buk\wp-includes\class-wp-hook.php:308
Stack trace:
#0 C:\xampp\htdocs\buk\wp-includes\class-wp-hook.php(332): WP_Hook->apply_filters(NULL, Array)
#1 C:\xampp\htdocs\buk\wp-includes\plugin.php(517): WP_Hook->do_action(Array)
#2 C:\xampp\htdocs\buk\wp-includes\script-loader.php(2194): do_action('wp_enqueue_scri...')
#3 C:\xampp\htdocs\buk\wp-includes\class-wp-hook.php(308): wp_enqueue_scripts('')
#4 C:\xampp\htdocs\buk\wp-includes\class-wp-hook.php(332): WP_Hook->apply_filters(NULL, Array)
#5 C:\xampp\htdocs\buk\wp-includes\plugin.php(517): WP_Hook->do_action(Array)
#6 C:\xampp\htdocs\buk\wp-includes\general-template.php(3049): do_action('wp_head')
#7 C:\xampp\htdocs\buk\wp-content\themes\astra\header.php(31): wp_head()
#8 C:\xampp\htdocs\buk\wp-includes\template.php(783): require_once('C:\\xampp\\htdocs...')
#9 C:\xampp\htdocs\buk\wp-includes\template.php(718): load_template('C:\\xampp\\htdocs...', true, Array)
#10 C:\xampp\htdocs\buk\wp-includes\general-template.php(48): locate_template(Array, true, true, Array)
#11 C:\xampp\htdocs\buk\wp-content\themes\astra\page.php(20): get_header()
#12 C:\xampp\htdocs\buk\wp-includes\template-loader.php(106): include('C:\\xampp\\htdocs...')
#13 C:\xampp\htdocs\buk\wp-blog-header.php(19): require_once('C:\\xampp\\htdocs...')
#14 C:\xampp\htdocs\buk\index.php(17): require('C:\\xampp\\htdocs...')
#15 {main}
  thrown in C:\xampp\htdocs\buk\wp-includes\class-wp-hook.php on line 308

